2023-09-08 15:18:51,022	INFO worker.py:1625 -- Started a local Ray instance.
2023-09-08 15:18:54,046	INFO tune.py:218 -- Initializing Ray automatically. For cluster usage or custom Ray initialization, call `ray.init(...)` before `Tuner(...)`.
[2m[36m(func pid=1937923)[0m /home/dvdijcke/fdd/src/FDD/primaldual_multi_scaled_tune.py:35: UserWarning: To copy construct from a tensor, it is recommended to use sourceTensor.clone().detach() or sourceTensor.clone().detach().requires_grad_(True), rather than torch.tensor(sourceTensor).
[2m[36m(func pid=1937923)[0m   tauu = torch.tensor(  1.0 / torch.sqrt(denom) * res, device=dev)  # torch.tensor(  1.0 / 6.0 * res, device=dev) # *res
[2m[36m(func pid=1937923)[0m /home/dvdijcke/fdd/src/FDD/primaldual_multi_scaled_tune.py:36: UserWarning: To copy construct from a tensor, it is recommended to use sourceTensor.clone().detach() or sourceTensor.clone().detach().requires_grad_(True), rather than torch.tensor(sourceTensor).
[2m[36m(func pid=1937923)[0m   sigmap = torch.tensor( 1.0 / torch.sqrt(denom)  * res, device=dev) # torch.tensor( (1.0 / (3.0 + l))  * res, device=dev) # *res
[2m[36m(func pid=1938046)[0m /home/dvdijcke/fdd/src/FDD/primaldual_multi_scaled_tune.py:36: UserWarning: To copy construct from a tensor, it is recommended to use sourceTensor.clone().detach() or sourceTensor.clone().detach().requires_grad_(True), rather than torch.tensor(sourceTensor).[32m [repeated 2x across cluster] (Ray deduplicates logs by default. Set RAY_DEDUP_LOGS=0 to disable log deduplication, or see https://docs.ray.io/en/master/ray-observability/ray-logging.html#log-deduplication for more options.)[0m
[2m[36m(func pid=1938046)[0m   sigmap = torch.tensor( 1.0 / torch.sqrt(denom)  * res, device=dev) # torch.tensor( (1.0 / (3.0 + l))  * res, device=dev) # *res
[2m[36m(func pid=1938046)[0m   sigmap = torch.tensor( 1.0 / torch.sqrt(denom)  * res, device=dev) # torch.tensor( (1.0 / (3.0 + l))  * res, device=dev) # *res
2023-09-08 15:19:49,957	INFO tune.py:945 -- Total run time: 55.91 seconds (54.12 seconds for the tuning loop).
[2m[36m(train pid=1938318)[0m   tauu = torch.tensor(  1.0 / torch.sqrt(denom) * res, device=dev)  # torch.tensor(  1.0 / 6.0 * res, device=dev) # *res
[2m[36m(train pid=1938318)[0m   sigmap = torch.tensor( 1.0 / torch.sqrt(denom)  * res, device=dev) # torch.tensor( (1.0 / (3.0 + l))  * res, device=dev) # *res
[2m[36m(train pid=1938318)[0m /home/dvdijcke/fdd/src/FDD/primaldual_multi_scaled_tune.py:36: UserWarning: To copy construct from a tensor, it is recommended to use sourceTensor.clone().detach() or sourceTensor.clone().detach().requires_grad_(True), rather than torch.tensor(sourceTensor).[32m [repeated 2x across cluster][0m
[2m[36m(train pid=1941445)[0m   tauu = torch.tensor(  1.0 / torch.sqrt(denom) * res, device=dev)  # torch.tensor(  1.0 / 6.0 * res, device=dev) # *res[32m [repeated 3x across cluster][0m
[2m[36m(train pid=1941445)[0m   sigmap = torch.tensor( 1.0 / torch.sqrt(denom)  * res, device=dev) # torch.tensor( (1.0 / (3.0 + l))  * res, device=dev) # *res[32m [repeated 3x across cluster][0m
[2m[36m(train pid=1941445)[0m /home/dvdijcke/fdd/src/FDD/primaldual_multi_scaled_tune.py:36: UserWarning: To copy construct from a tensor, it is recommended to use sourceTensor.clone().detach() or sourceTensor.clone().detach().requires_grad_(True), rather than torch.tensor(sourceTensor).[32m [repeated 6x across cluster][0m
[2m[36m(train pid=2019747)[0m   sigmap = torch.tensor( 1.0 / torch.sqrt(denom)  * res, device=dev) # torch.tensor( (1.0 / (3.0 + l))  * res, device=dev) # *res
[2m[36m(train pid=2019747)[0m   sigmap = torch.tensor( 1.0 / torch.sqrt(denom)  * res, device=dev) # torch.tensor( (1.0 / (3.0 + l))  * res, device=dev) # *res
[2m[36m(train pid=2019747)[0m /home/dvdijcke/fdd/src/FDD/primaldual_multi_scaled_tune.py:36: UserWarning: To copy construct from a tensor, it is recommended to use sourceTensor.clone().detach() or sourceTensor.clone().detach().requires_grad_(True), rather than torch.tensor(sourceTensor).[32m [repeated 2x across cluster][0m
[2m[36m(train pid=2023861)[0m   tauu = torch.tensor(  1.0 / torch.sqrt(denom) * res, device=dev)  # torch.tensor(  1.0 / 6.0 * res, device=dev) # *res
[2m[36m(train pid=2023861)[0m   sigmap = torch.tensor( 1.0 / torch.sqrt(denom)  * res, device=dev) # torch.tensor( (1.0 / (3.0 + l))  * res, device=dev) # *res
[2m[36m(train pid=2023861)[0m /home/dvdijcke/fdd/src/FDD/primaldual_multi_scaled_tune.py:36: UserWarning: To copy construct from a tensor, it is recommended to use sourceTensor.clone().detach() or sourceTensor.clone().detach().requires_grad_(True), rather than torch.tensor(sourceTensor).[32m [repeated 2x across cluster][0m
Running SURE
== Status ==
Current time: 2023-09-08 15:18:57 (running for 00:00:03.05)
Using FIFO scheduling algorithm.
Logical resource usage: 4.0/40 CPUs, 1.0/3 GPUs (0.0/1.0 accelerator_type:V100)
Result logdir: /home/dvdijcke/ray_results/tune_func_2023-09-08_15-18-47
Number of trials: 2/2 (1 PENDING, 1 RUNNING)
+-----------------------+----------+---------------------+----------+----------+
| Trial name            | status   | loc                 |    lmbda |       nu |
|-----------------------+----------+---------------------+----------+----------|
| tune_func_8cd14_00000 | RUNNING  | 10.164.9.79:1937923 | 28.6809  | 1.96327  |
| tune_func_8cd14_00001 | PENDING  |                     |  1.07254 | 0.548987 |
+-----------------------+----------+---------------------+----------+----------+


== Status ==
Current time: 2023-09-08 15:19:06 (running for 00:00:11.49)
Using FIFO scheduling algorithm.
Logical resource usage: 8.0/40 CPUs, 2.0/3 GPUs (0.0/1.0 accelerator_type:V100)
Result logdir: /home/dvdijcke/ray_results/tune_func_2023-09-08_15-18-47
Number of trials: 2/2 (2 RUNNING)
+-----------------------+----------+---------------------+----------+----------+
| Trial name            | status   | loc                 |    lmbda |       nu |
|-----------------------+----------+---------------------+----------+----------|
| tune_func_8cd14_00000 | RUNNING  | 10.164.9.79:1937923 | 28.6809  | 1.96327  |
| tune_func_8cd14_00001 | RUNNING  | 10.164.9.79:1938046 |  1.07254 | 0.548987 |
+-----------------------+----------+---------------------+----------+----------+


== Status ==
Current time: 2023-09-08 15:19:11 (running for 00:00:16.49)
Using FIFO scheduling algorithm.
Logical resource usage: 8.0/40 CPUs, 2.0/3 GPUs (0.0/1.0 accelerator_type:V100)
Result logdir: /home/dvdijcke/ray_results/tune_func_2023-09-08_15-18-47
Number of trials: 2/2 (2 RUNNING)
+-----------------------+----------+---------------------+----------+----------+
| Trial name            | status   | loc                 |    lmbda |       nu |
|-----------------------+----------+---------------------+----------+----------|
| tune_func_8cd14_00000 | RUNNING  | 10.164.9.79:1937923 | 28.6809  | 1.96327  |
| tune_func_8cd14_00001 | RUNNING  | 10.164.9.79:1938046 |  1.07254 | 0.548987 |
+-----------------------+----------+---------------------+----------+----------+


== Status ==
Current time: 2023-09-08 15:19:16 (running for 00:00:21.49)
Using FIFO scheduling algorithm.
Logical resource usage: 8.0/40 CPUs, 2.0/3 GPUs (0.0/1.0 accelerator_type:V100)
Result logdir: /home/dvdijcke/ray_results/tune_func_2023-09-08_15-18-47
Number of trials: 2/2 (2 RUNNING)
+-----------------------+----------+---------------------+----------+----------+
| Trial name            | status   | loc                 |    lmbda |       nu |
|-----------------------+----------+---------------------+----------+----------|
| tune_func_8cd14_00000 | RUNNING  | 10.164.9.79:1937923 | 28.6809  | 1.96327  |
| tune_func_8cd14_00001 | RUNNING  | 10.164.9.79:1938046 |  1.07254 | 0.548987 |
+-----------------------+----------+---------------------+----------+----------+


== Status ==
Current time: 2023-09-08 15:19:21 (running for 00:00:26.50)
Using FIFO scheduling algorithm.
Logical resource usage: 8.0/40 CPUs, 2.0/3 GPUs (0.0/1.0 accelerator_type:V100)
Result logdir: /home/dvdijcke/ray_results/tune_func_2023-09-08_15-18-47
Number of trials: 2/2 (2 RUNNING)
+-----------------------+----------+---------------------+----------+----------+
| Trial name            | status   | loc                 |    lmbda |       nu |
|-----------------------+----------+---------------------+----------+----------|
| tune_func_8cd14_00000 | RUNNING  | 10.164.9.79:1937923 | 28.6809  | 1.96327  |
| tune_func_8cd14_00001 | RUNNING  | 10.164.9.79:1938046 |  1.07254 | 0.548987 |
+-----------------------+----------+---------------------+----------+----------+


== Status ==
Current time: 2023-09-08 15:19:26 (running for 00:00:31.50)
Using FIFO scheduling algorithm.
Logical resource usage: 8.0/40 CPUs, 2.0/3 GPUs (0.0/1.0 accelerator_type:V100)
Result logdir: /home/dvdijcke/ray_results/tune_func_2023-09-08_15-18-47
Number of trials: 2/2 (2 RUNNING)
+-----------------------+----------+---------------------+----------+----------+
| Trial name            | status   | loc                 |    lmbda |       nu |
|-----------------------+----------+---------------------+----------+----------|
| tune_func_8cd14_00000 | RUNNING  | 10.164.9.79:1937923 | 28.6809  | 1.96327  |
| tune_func_8cd14_00001 | RUNNING  | 10.164.9.79:1938046 |  1.07254 | 0.548987 |
+-----------------------+----------+---------------------+----------+----------+


== Status ==
Current time: 2023-09-08 15:19:31 (running for 00:00:36.50)
Using FIFO scheduling algorithm.
Logical resource usage: 8.0/40 CPUs, 2.0/3 GPUs (0.0/1.0 accelerator_type:V100)
Result logdir: /home/dvdijcke/ray_results/tune_func_2023-09-08_15-18-47
Number of trials: 2/2 (2 RUNNING)
+-----------------------+----------+---------------------+----------+----------+
| Trial name            | status   | loc                 |    lmbda |       nu |
|-----------------------+----------+---------------------+----------+----------|
| tune_func_8cd14_00000 | RUNNING  | 10.164.9.79:1937923 | 28.6809  | 1.96327  |
| tune_func_8cd14_00001 | RUNNING  | 10.164.9.79:1938046 |  1.07254 | 0.548987 |
+-----------------------+----------+---------------------+----------+----------+


Result for tune_func_8cd14_00001:
  date: 2023-09-08_15-19-32
  done: false
  hostname: gl1021.arc-ts.umich.edu
  iterations_since_restore: 1
  node_ip: 10.164.9.79
  pid: 1938046
  score: 0.030201091717285147
  time_since_restore: 27.155874490737915
  time_this_iter_s: 27.155874490737915
  time_total_s: 27.155874490737915
  timestamp: 1694200772
  training_iteration: 1
  trial_id: 8cd14_00001
  
Trial tune_func_8cd14_00001 completed.
== Status ==
Current time: 2023-09-08 15:19:37 (running for 00:00:43.26)
Using FIFO scheduling algorithm.
Logical resource usage: 4.0/40 CPUs, 1.0/3 GPUs (0.0/1.0 accelerator_type:V100)
Result logdir: /home/dvdijcke/ray_results/tune_func_2023-09-08_15-18-47
Number of trials: 2/2 (1 RUNNING, 1 TERMINATED)
+-----------------------+------------+---------------------+----------+----------+--------+------------------+
| Trial name            | status     | loc                 |    lmbda |       nu |   iter |   total time (s) |
|-----------------------+------------+---------------------+----------+----------+--------+------------------|
| tune_func_8cd14_00000 | RUNNING    | 10.164.9.79:1937923 | 28.6809  | 1.96327  |        |                  |
| tune_func_8cd14_00001 | TERMINATED | 10.164.9.79:1938046 |  1.07254 | 0.548987 |      1 |          27.1559 |
+-----------------------+------------+---------------------+----------+----------+--------+------------------+


== Status ==
Current time: 2023-09-08 15:19:42 (running for 00:00:48.27)
Using FIFO scheduling algorithm.
Logical resource usage: 4.0/40 CPUs, 1.0/3 GPUs (0.0/1.0 accelerator_type:V100)
Result logdir: /home/dvdijcke/ray_results/tune_func_2023-09-08_15-18-47
Number of trials: 2/2 (1 RUNNING, 1 TERMINATED)
+-----------------------+------------+---------------------+----------+----------+--------+------------------+
| Trial name            | status     | loc                 |    lmbda |       nu |   iter |   total time (s) |
|-----------------------+------------+---------------------+----------+----------+--------+------------------|
| tune_func_8cd14_00000 | RUNNING    | 10.164.9.79:1937923 | 28.6809  | 1.96327  |        |                  |
| tune_func_8cd14_00001 | TERMINATED | 10.164.9.79:1938046 |  1.07254 | 0.548987 |      1 |          27.1559 |
+-----------------------+------------+---------------------+----------+----------+--------+------------------+


Result for tune_func_8cd14_00000:
  date: 2023-09-08_15-19-47
  done: false
  hostname: gl1021.arc-ts.umich.edu
  iterations_since_restore: 1
  node_ip: 10.164.9.79
  pid: 1937923
  score: 0.011867146103542257
  time_since_restore: 47.16096615791321
  time_this_iter_s: 47.16096615791321
  time_total_s: 47.16096615791321
  timestamp: 1694200787
  training_iteration: 1
  trial_id: 8cd14_00000
  
== Status ==
Current time: 2023-09-08 15:19:48 (running for 00:00:54.11)
Using FIFO scheduling algorithm.
Logical resource usage: 4.0/40 CPUs, 1.0/3 GPUs (0.0/1.0 accelerator_type:V100)
Result logdir: /home/dvdijcke/ray_results/tune_func_2023-09-08_15-18-47
Number of trials: 2/2 (1 RUNNING, 1 TERMINATED)
+-----------------------+------------+---------------------+----------+----------+--------+------------------+
| Trial name            | status     | loc                 |    lmbda |       nu |   iter |   total time (s) |
|-----------------------+------------+---------------------+----------+----------+--------+------------------|
| tune_func_8cd14_00000 | RUNNING    | 10.164.9.79:1937923 | 28.6809  | 1.96327  |      1 |          47.161  |
| tune_func_8cd14_00001 | TERMINATED | 10.164.9.79:1938046 |  1.07254 | 0.548987 |      1 |          27.1559 |
+-----------------------+------------+---------------------+----------+----------+--------+------------------+


Trial tune_func_8cd14_00000 completed.
== Status ==
Current time: 2023-09-08 15:19:49 (running for 00:00:55.38)
Using FIFO scheduling algorithm.
Logical resource usage: 0/40 CPUs, 0/3 GPUs (0.0/1.0 accelerator_type:V100)
Result logdir: /home/dvdijcke/ray_results/tune_func_2023-09-08_15-18-47
Number of trials: 2/2 (2 TERMINATED)
+-----------------------+------------+---------------------+----------+----------+--------+------------------+
| Trial name            | status     | loc                 |    lmbda |       nu |   iter |   total time (s) |
|-----------------------+------------+---------------------+----------+----------+--------+------------------|
| tune_func_8cd14_00000 | TERMINATED | 10.164.9.79:1937923 | 28.6809  | 1.96327  |      1 |          47.161  |
| tune_func_8cd14_00001 | TERMINATED | 10.164.9.79:1938046 |  1.07254 | 0.548987 |      1 |          27.1559 |
+-----------------------+------------+---------------------+----------+----------+--------+------------------+


Running simulations
Done with sigma 0.05, jump size 0.03752233720516774
