2023-09-14 15:26:38,613	INFO worker.py:1625 -- Started a local Ray instance.
2023-09-14 15:26:45,042	INFO tune.py:218 -- Initializing Ray automatically. For cluster usage or custom Ray initialization, call `ray.init(...)` before `Tuner(...)`.
[2m[36m(func pid=3532829)[0m /home/dvdijcke/fdd/src/FDD/primaldual_multi_scaled_tune.py:35: UserWarning: To copy construct from a tensor, it is recommended to use sourceTensor.clone().detach() or sourceTensor.clone().detach().requires_grad_(True), rather than torch.tensor(sourceTensor).
[2m[36m(func pid=3532829)[0m   tauu = torch.tensor(  1.0 / torch.sqrt(denom) * res, device=dev)  # torch.tensor(  1.0 / 6.0 * res, device=dev) # *res
[2m[36m(func pid=3532829)[0m /home/dvdijcke/fdd/src/FDD/primaldual_multi_scaled_tune.py:36: UserWarning: To copy construct from a tensor, it is recommended to use sourceTensor.clone().detach() or sourceTensor.clone().detach().requires_grad_(True), rather than torch.tensor(sourceTensor).
[2m[36m(func pid=3532829)[0m   sigmap = torch.tensor( 1.0 / torch.sqrt(denom)  * res, device=dev) # torch.tensor( (1.0 / (3.0 + l))  * res, device=dev) # *res
2023-09-14 15:27:35,614	INFO tune.py:945 -- Total run time: 50.57 seconds (50.18 seconds for the tuning loop).
[2m[36m(train pid=3533052)[0m /home/dvdijcke/fdd/src/FDD/primaldual_multi_scaled_tune.py:36: UserWarning: To copy construct from a tensor, it is recommended to use sourceTensor.clone().detach() or sourceTensor.clone().detach().requires_grad_(True), rather than torch.tensor(sourceTensor).[32m [repeated 2x across cluster] (Ray deduplicates logs by default. Set RAY_DEDUP_LOGS=0 to disable log deduplication, or see https://docs.ray.io/en/master/ray-observability/ray-logging.html#log-deduplication for more options.)[0m
[2m[36m(train pid=3533052)[0m   sigmap = torch.tensor( 1.0 / torch.sqrt(denom)  * res, device=dev) # torch.tensor( (1.0 / (3.0 + l))  * res, device=dev) # *res
[2m[36m(train pid=3533052)[0m   sigmap = torch.tensor( 1.0 / torch.sqrt(denom)  * res, device=dev) # torch.tensor( (1.0 / (3.0 + l))  * res, device=dev) # *res
[2m[36m(train pid=3573171)[0m   tauu = torch.tensor(  1.0 / torch.sqrt(denom) * res, device=dev)  # torch.tensor(  1.0 / 6.0 * res, device=dev) # *res
[2m[36m(train pid=3573171)[0m   sigmap = torch.tensor( 1.0 / torch.sqrt(denom)  * res, device=dev) # torch.tensor( (1.0 / (3.0 + l))  * res, device=dev) # *res
[2m[36m(train pid=3573171)[0m /home/dvdijcke/fdd/src/FDD/primaldual_multi_scaled_tune.py:36: UserWarning: To copy construct from a tensor, it is recommended to use sourceTensor.clone().detach() or sourceTensor.clone().detach().requires_grad_(True), rather than torch.tensor(sourceTensor).[32m [repeated 2x across cluster][0m
[2m[36m(train pid=3610637)[0m   sigmap = torch.tensor( 1.0 / torch.sqrt(denom)  * res, device=dev) # torch.tensor( (1.0 / (3.0 + l))  * res, device=dev) # *res
[2m[36m(train pid=3610637)[0m   sigmap = torch.tensor( 1.0 / torch.sqrt(denom)  * res, device=dev) # torch.tensor( (1.0 / (3.0 + l))  * res, device=dev) # *res
[2m[36m(train pid=3610637)[0m /home/dvdijcke/fdd/src/FDD/primaldual_multi_scaled_tune.py:36: UserWarning: To copy construct from a tensor, it is recommended to use sourceTensor.clone().detach() or sourceTensor.clone().detach().requires_grad_(True), rather than torch.tensor(sourceTensor).[32m [repeated 2x across cluster][0m
Running SURE
== Status ==
Current time: 2023-09-14 15:26:45 (running for 00:00:00.06)
Using FIFO scheduling algorithm.
Logical resource usage: 4.0/40 CPUs, 1.0/1 GPUs (0.0/1.0 accelerator_type:V100)
Result logdir: /home/dvdijcke/ray_results/tune_func_2023-09-14_15-26-36
Number of trials: 1/1 (1 RUNNING)
+-----------------------+----------+---------------------+---------+---------+
| Trial name            | status   | loc                 |   lmbda |      nu |
|-----------------------+----------+---------------------+---------+---------|
| tune_func_a4082_00000 | RUNNING  | 10.164.9.68:3532829 | 28.6809 | 1.96327 |
+-----------------------+----------+---------------------+---------+---------+


== Status ==
Current time: 2023-09-14 15:26:55 (running for 00:00:09.63)
Using FIFO scheduling algorithm.
Logical resource usage: 4.0/40 CPUs, 1.0/1 GPUs (0.0/1.0 accelerator_type:V100)
Result logdir: /home/dvdijcke/ray_results/tune_func_2023-09-14_15-26-36
Number of trials: 1/1 (1 RUNNING)
+-----------------------+----------+---------------------+---------+---------+
| Trial name            | status   | loc                 |   lmbda |      nu |
|-----------------------+----------+---------------------+---------+---------|
| tune_func_a4082_00000 | RUNNING  | 10.164.9.68:3532829 | 28.6809 | 1.96327 |
+-----------------------+----------+---------------------+---------+---------+


== Status ==
Current time: 2023-09-14 15:27:00 (running for 00:00:14.64)
Using FIFO scheduling algorithm.
Logical resource usage: 4.0/40 CPUs, 1.0/1 GPUs (0.0/1.0 accelerator_type:V100)
Result logdir: /home/dvdijcke/ray_results/tune_func_2023-09-14_15-26-36
Number of trials: 1/1 (1 RUNNING)
+-----------------------+----------+---------------------+---------+---------+
| Trial name            | status   | loc                 |   lmbda |      nu |
|-----------------------+----------+---------------------+---------+---------|
| tune_func_a4082_00000 | RUNNING  | 10.164.9.68:3532829 | 28.6809 | 1.96327 |
+-----------------------+----------+---------------------+---------+---------+


== Status ==
Current time: 2023-09-14 15:27:05 (running for 00:00:19.64)
Using FIFO scheduling algorithm.
Logical resource usage: 4.0/40 CPUs, 1.0/1 GPUs (0.0/1.0 accelerator_type:V100)
Result logdir: /home/dvdijcke/ray_results/tune_func_2023-09-14_15-26-36
Number of trials: 1/1 (1 RUNNING)
+-----------------------+----------+---------------------+---------+---------+
| Trial name            | status   | loc                 |   lmbda |      nu |
|-----------------------+----------+---------------------+---------+---------|
| tune_func_a4082_00000 | RUNNING  | 10.164.9.68:3532829 | 28.6809 | 1.96327 |
+-----------------------+----------+---------------------+---------+---------+


== Status ==
Current time: 2023-09-14 15:27:10 (running for 00:00:24.65)
Using FIFO scheduling algorithm.
Logical resource usage: 4.0/40 CPUs, 1.0/1 GPUs (0.0/1.0 accelerator_type:V100)
Result logdir: /home/dvdijcke/ray_results/tune_func_2023-09-14_15-26-36
Number of trials: 1/1 (1 RUNNING)
+-----------------------+----------+---------------------+---------+---------+
| Trial name            | status   | loc                 |   lmbda |      nu |
|-----------------------+----------+---------------------+---------+---------|
| tune_func_a4082_00000 | RUNNING  | 10.164.9.68:3532829 | 28.6809 | 1.96327 |
+-----------------------+----------+---------------------+---------+---------+


== Status ==
Current time: 2023-09-14 15:27:15 (running for 00:00:29.65)
Using FIFO scheduling algorithm.
Logical resource usage: 4.0/40 CPUs, 1.0/1 GPUs (0.0/1.0 accelerator_type:V100)
Result logdir: /home/dvdijcke/ray_results/tune_func_2023-09-14_15-26-36
Number of trials: 1/1 (1 RUNNING)
+-----------------------+----------+---------------------+---------+---------+
| Trial name            | status   | loc                 |   lmbda |      nu |
|-----------------------+----------+---------------------+---------+---------|
| tune_func_a4082_00000 | RUNNING  | 10.164.9.68:3532829 | 28.6809 | 1.96327 |
+-----------------------+----------+---------------------+---------+---------+


== Status ==
Current time: 2023-09-14 15:27:20 (running for 00:00:34.66)
Using FIFO scheduling algorithm.
Logical resource usage: 4.0/40 CPUs, 1.0/1 GPUs (0.0/1.0 accelerator_type:V100)
Result logdir: /home/dvdijcke/ray_results/tune_func_2023-09-14_15-26-36
Number of trials: 1/1 (1 RUNNING)
+-----------------------+----------+---------------------+---------+---------+
| Trial name            | status   | loc                 |   lmbda |      nu |
|-----------------------+----------+---------------------+---------+---------|
| tune_func_a4082_00000 | RUNNING  | 10.164.9.68:3532829 | 28.6809 | 1.96327 |
+-----------------------+----------+---------------------+---------+---------+


== Status ==
Current time: 2023-09-14 15:27:25 (running for 00:00:39.66)
Using FIFO scheduling algorithm.
Logical resource usage: 4.0/40 CPUs, 1.0/1 GPUs (0.0/1.0 accelerator_type:V100)
Result logdir: /home/dvdijcke/ray_results/tune_func_2023-09-14_15-26-36
Number of trials: 1/1 (1 RUNNING)
+-----------------------+----------+---------------------+---------+---------+
| Trial name            | status   | loc                 |   lmbda |      nu |
|-----------------------+----------+---------------------+---------+---------|
| tune_func_a4082_00000 | RUNNING  | 10.164.9.68:3532829 | 28.6809 | 1.96327 |
+-----------------------+----------+---------------------+---------+---------+


== Status ==
Current time: 2023-09-14 15:27:30 (running for 00:00:44.67)
Using FIFO scheduling algorithm.
Logical resource usage: 4.0/40 CPUs, 1.0/1 GPUs (0.0/1.0 accelerator_type:V100)
Result logdir: /home/dvdijcke/ray_results/tune_func_2023-09-14_15-26-36
Number of trials: 1/1 (1 RUNNING)
+-----------------------+----------+---------------------+---------+---------+
| Trial name            | status   | loc                 |   lmbda |      nu |
|-----------------------+----------+---------------------+---------+---------|
| tune_func_a4082_00000 | RUNNING  | 10.164.9.68:3532829 | 28.6809 | 1.96327 |
+-----------------------+----------+---------------------+---------+---------+


== Status ==
Current time: 2023-09-14 15:27:35 (running for 00:00:49.67)
Using FIFO scheduling algorithm.
Logical resource usage: 4.0/40 CPUs, 1.0/1 GPUs (0.0/1.0 accelerator_type:V100)
Result logdir: /home/dvdijcke/ray_results/tune_func_2023-09-14_15-26-36
Number of trials: 1/1 (1 RUNNING)
+-----------------------+----------+---------------------+---------+---------+
| Trial name            | status   | loc                 |   lmbda |      nu |
|-----------------------+----------+---------------------+---------+---------|
| tune_func_a4082_00000 | RUNNING  | 10.164.9.68:3532829 | 28.6809 | 1.96327 |
+-----------------------+----------+---------------------+---------+---------+


Result for tune_func_a4082_00000:
  date: 2023-09-14_15-27-35
  done: false
  hostname: gl1010.arc-ts.umich.edu
  iterations_since_restore: 1
  node_ip: 10.164.9.68
  pid: 3532829
  score: 0.011846613009413922
  time_since_restore: 45.536619424819946
  time_this_iter_s: 45.536619424819946
  time_total_s: 45.536619424819946
  timestamp: 1694719655
  training_iteration: 1
  trial_id: a4082_00000
  
Trial tune_func_a4082_00000 completed.
== Status ==
Current time: 2023-09-14 15:27:35 (running for 00:00:50.19)
Using FIFO scheduling algorithm.
Logical resource usage: 0/40 CPUs, 0/1 GPUs (0.0/1.0 accelerator_type:V100)
Result logdir: /home/dvdijcke/ray_results/tune_func_2023-09-14_15-26-36
Number of trials: 1/1 (1 TERMINATED)
+-----------------------+------------+---------------------+---------+---------+--------+------------------+
| Trial name            | status     | loc                 |   lmbda |      nu |   iter |   total time (s) |
|-----------------------+------------+---------------------+---------+---------+--------+------------------|
| tune_func_a4082_00000 | TERMINATED | 10.164.9.68:3532829 | 28.6809 | 1.96327 |      1 |          45.5366 |
+-----------------------+------------+---------------------+---------+---------+--------+------------------+


Running simulations
Done with sigma 0.05, jump size 0.03752233720516774
